<?xml version="1.0" encoding="UTF-8"?>
<!-- Generated by org.testng.reporters.JUnitXMLReporter -->
<testsuite hostname="G1C2ML14105" name="Test" tests="1" failures="0" timestamp="28 Mar 2017 04:42:34 GMT" time="0.053" errors="0">
  <testcase name="@BeforeClass prerequisites" time="0.0" classname="com.test.southwest.Newtest">
    <failure type="java.lang.NullPointerException">
      <![CDATA[java.lang.NullPointerException
	at com.test.southwest.Newtest.prerequisites(Newtest.java:23)
... Removed 24 stack frames]]>
    </failure>
  </testcase> <!-- @BeforeClass prerequisites -->
  <testcase name="@AfterClass close" time="0.0" classname="com.test.southwest.Newtest">
    <skipped/>
  </testcase> <!-- @AfterClass close -->
  <testcase name="a" time="0.0" classname="com.test.southwest.Newtest">
    <skipped/>
  </testcase> <!-- a -->
</testsuite> <!-- Test -->
